<?xml version="1.0" encoding="UTF-8"?>
<!-- Generated by org.testng.reporters.JUnitXMLReporter -->
<testsuite ignored="0" hostname="KARNA" failures="0" tests="3" name="Default test" time="20.658" errors="0" timestamp="06 Mar 2024 18:47:02 GMT">
  <testcase classname="com.cps.qa.testCases.AccountPage_Test" name="verifyBalance" time="0.616"/>
  <testcase classname="com.cps.qa.testCases.AccountPage_Test" name="acnumber" time="0.677"/>
  <testcase classname="com.cps.qa.testCases.AccountPage_Test" name="Deposit" time="2.905"/>
</testsuite> <!-- Default test -->
