<?xml version="1.0" encoding="UTF-8"?>
<!-- Generated by org.testng.reporters.JUnitXMLReporter -->
<testsuite ignored="0" hostname="KARNA" failures="0" tests="4" name="Default test" time="21.749" errors="0" timestamp="07 Mar 2024 03:46:21 GMT">
  <testcase classname="com.cps.qa.testCases.AccountPage_Test" name="loginPageTitleTest" time="0.023"/>
  <testcase classname="com.cps.qa.testCases.AccountPage_Test" name="verifyBalance" time="0.389"/>
  <testcase classname="com.cps.qa.testCases.AccountPage_Test" name="Verify_Deposit_With_ValideAmmount" time="2.377"/>
  <testcase classname="com.cps.qa.testCases.AccountPage_Test" name="Verify_Deposit_With_InValideAmmount" time="2.361"/>
</testsuite> <!-- Default test -->
