<?xml version="1.0" encoding="UTF-8"?>
<!-- Generated by org.testng.reporters.JUnitXMLReporter -->
<testsuite ignored="0" hostname="KARNA" failures="0" tests="1" name="Firefox Tests" time="0.013" errors="0" timestamp="08 Mar 2024 03:44:49 GMT">
  <testcase classname="com.cps.qa.testCases.CustomerTransactionPage_Test" name="@BeforeMethod setUp" time="0.0">
    <failure type="java.lang.Error" message="Unresolved compilation problem: 
	The method initialization(String) in the type TestBase is not applicable for the arguments ()
">
      <![CDATA[java.lang.Error: Unresolved compilation problem: 
	The method initialization(String) in the type TestBase is not applicable for the arguments ()

	at com.cps.qa.testCases.CustomerTransactionPage_Test.setUp(CustomerTransactionPage_Test.java:33)
... Removed 27 stack frames]]>
    </failure>
  </testcase> <!-- @BeforeMethod setUp -->
  <testcase classname="com.cps.qa.testCases.CustomerTransactionPage_Test" name="Verify_Deposit_With_ValideAmmount" time="0.0">
    <skipped/>
  </testcase> <!-- Verify_Deposit_With_ValideAmmount -->
</testsuite> <!-- Firefox Tests -->
