<?xml version="1.0" encoding="UTF-8"?>
<!-- Generated by org.testng.reporters.JUnitXMLReporter -->
<testsuite ignored="0" hostname="KARNA" failures="0" tests="3" name="Test" time="12.374" errors="0" timestamp="06 Mar 2024 11:36:09 GMT">
  <testcase classname="com.cps.qa.testCases.CustomerLogin_Test" name="loginPageTitleTest" time="0.013"/>
  <testcase classname="com.cps.qa.testCases.CustomerLogin_Test" name="customerlogin" time="1.791"/>
  <testcase classname="com.cps.qa.testCases.AccountPage_Test" name="verifyBalance" time="0.425"/>
</testsuite> <!-- Test -->
