<?xml version="1.0" encoding="UTF-8"?>
<!-- Generated by org.testng.reporters.JUnitXMLReporter -->
<testsuite ignored="0" hostname="KARNA" failures="0" tests="6" name="Test" time="84.787" errors="0" timestamp="07 Mar 2024 09:44:40 GMT">
  <testcase classname="com.cps.qa.testCases.CustomerLogin_Test" name="customerlogin" time="2.774"/>
  <testcase classname="com.cps.qa.testCases.AccountPage_Test" name="Verify_Deposit_With_ValideAmmount" time="4.156"/>
  <testcase classname="com.cps.qa.testCases.AccountPage_Test" name="Verify_Deposit_With_InValideAmmount" time="3.988"/>
  <testcase classname="com.cps.qa.testCases.AccountPage_Test" name="Verify_Withdraw_With_ValideAmmount" time="15.345"/>
  <testcase classname="com.cps.qa.testCases.AccountPage_Test" name="Verify_Withdraw_With_InValideAmmount" time="12.779"/>
  <testcase classname="com.cps.qa.testCases.AccountPage_Test" name="Verify_Withdraw_With_InSufficient" time="15.309"/>
</testsuite> <!-- Test -->
