<?xml version="1.0" encoding="UTF-8"?>
<!-- Generated by org.testng.reporters.JUnitXMLReporter -->
<testsuite ignored="0" hostname="KARNA" failures="0" tests="11" name="Test" time="128.37" errors="0" timestamp="07 Mar 2024 10:21:37 GMT">
  <testcase classname="com.cps.qa.testCases.CustomerTransactionPage_Test" name="Verify_Deposit_With_ValideAmmount" time="2.721"/>
  <testcase classname="com.cps.qa.testCases.CustomerLogin_Test" name="customerlogin" time="2.917"/>
  <testcase classname="com.cps.qa.testCases.CustomersPage_Test" name="DeleteCustomerEntry" time="1.339"/>
  <testcase classname="com.cps.qa.testCases.AddCustomerPage_Test" name="AddCustomer_NotExist" time="2.07"/>
  <testcase classname="com.cps.qa.testCases.OpenAccountPage_Test" name="OpenAccount" time="12.93"/>
  <testcase classname="com.cps.qa.testCases.AccountPage_Test" name="Verify_Deposit_With_ValideAmmount" time="3.648"/>
  <testcase classname="com.cps.qa.testCases.AddCustomerPage_Test" name="AddCustomer_Exist" time="3.899"/>
  <testcase classname="com.cps.qa.testCases.AccountPage_Test" name="Verify_Deposit_With_InValideAmmount" time="3.458"/>
  <testcase classname="com.cps.qa.testCases.AccountPage_Test" name="Verify_Withdraw_With_ValideAmmount" time="14.195"/>
  <testcase classname="com.cps.qa.testCases.AccountPage_Test" name="Verify_Withdraw_With_InValideAmmount" time="12.29"/>
  <testcase classname="com.cps.qa.testCases.AccountPage_Test" name="Verify_Withdraw_With_InSufficient" time="15.001"/>
</testsuite> <!-- Test -->
