<?xml version="1.0" encoding="UTF-8"?>
<testng-results ignored="0" total="6" passed="6" failed="0" skipped="0">
  <reporter-output>
  </reporter-output>
  <suite started-at="2024-03-07T09:43:15Z" name="Suite" finished-at="2024-03-07T09:44:40Z" duration-ms="84787">
    <groups>
    </groups>
    <test started-at="2024-03-07T09:43:15Z" name="Test" finished-at="2024-03-07T09:44:40Z" duration-ms="84787">
      <class name="com.cps.qa.testCases.CustomerLogin_Test">
        <test-method is-config="true" signature="setUp()[pri:0, instance:com.cps.qa.testCases.CustomerLogin_Test@6221a451]" started-at="2024-03-07T15:13:15Z" name="setUp" finished-at="2024-03-07T15:13:18Z" duration-ms="3474" status="PASS">
          <reporter-output>
          </reporter-output>
        </test-method> <!-- setUp -->
        <test-method signature="customerlogin()[pri:1, instance:com.cps.qa.testCases.CustomerLogin_Test@6221a451]" started-at="2024-03-07T15:13:18Z" name="customerlogin" finished-at="2024-03-07T15:13:21Z" duration-ms="2774" status="PASS">
          <reporter-output>
          </reporter-output>
        </test-method> <!-- customerlogin -->
        <test-method is-config="true" signature="tearDown()[pri:0, instance:com.cps.qa.testCases.CustomerLogin_Test@6221a451]" started-at="2024-03-07T15:13:21Z" name="tearDown" finished-at="2024-03-07T15:13:21Z" duration-ms="463" status="PASS">
          <reporter-output>
          </reporter-output>
        </test-method> <!-- tearDown -->
      </class> <!-- com.cps.qa.testCases.CustomerLogin_Test -->
      <class name="com.cps.qa.testCases.AccountPage_Test">
        <test-method is-config="true" signature="setUp()[pri:0, instance:com.cps.qa.testCases.AccountPage_Test@52719fb6]" started-at="2024-03-07T15:13:22Z" name="setUp" finished-at="2024-03-07T15:13:27Z" duration-ms="5021" status="PASS">
          <reporter-output>
          </reporter-output>
        </test-method> <!-- setUp -->
        <test-method signature="Verify_Deposit_With_ValideAmmount()[pri:1, instance:com.cps.qa.testCases.AccountPage_Test@52719fb6]" started-at="2024-03-07T15:13:27Z" name="Verify_Deposit_With_ValideAmmount" finished-at="2024-03-07T15:13:31Z" duration-ms="4156" status="PASS">
          <reporter-output>
          </reporter-output>
        </test-method> <!-- Verify_Deposit_With_ValideAmmount -->
        <test-method is-config="true" signature="tearDown()[pri:0, instance:com.cps.qa.testCases.AccountPage_Test@52719fb6]" started-at="2024-03-07T15:13:31Z" name="tearDown" finished-at="2024-03-07T15:13:31Z" duration-ms="281" status="PASS">
          <reporter-output>
          </reporter-output>
        </test-method> <!-- tearDown -->
        <test-method is-config="true" signature="setUp()[pri:0, instance:com.cps.qa.testCases.AccountPage_Test@52719fb6]" started-at="2024-03-07T15:13:31Z" name="setUp" finished-at="2024-03-07T15:13:36Z" duration-ms="4992" status="PASS">
          <reporter-output>
          </reporter-output>
        </test-method> <!-- setUp -->
        <test-method signature="Verify_Deposit_With_InValideAmmount()[pri:2, instance:com.cps.qa.testCases.AccountPage_Test@52719fb6]" started-at="2024-03-07T15:13:36Z" name="Verify_Deposit_With_InValideAmmount" finished-at="2024-03-07T15:13:40Z" duration-ms="3988" status="PASS">
          <reporter-output>
          </reporter-output>
        </test-method> <!-- Verify_Deposit_With_InValideAmmount -->
        <test-method is-config="true" signature="tearDown()[pri:0, instance:com.cps.qa.testCases.AccountPage_Test@52719fb6]" started-at="2024-03-07T15:13:40Z" name="tearDown" finished-at="2024-03-07T15:13:40Z" duration-ms="295" status="PASS">
          <reporter-output>
          </reporter-output>
        </test-method> <!-- tearDown -->
        <test-method is-config="true" signature="setUp()[pri:0, instance:com.cps.qa.testCases.AccountPage_Test@52719fb6]" started-at="2024-03-07T15:13:40Z" name="setUp" finished-at="2024-03-07T15:13:45Z" duration-ms="4517" status="PASS">
          <reporter-output>
          </reporter-output>
        </test-method> <!-- setUp -->
        <test-method signature="Verify_Withdraw_With_ValideAmmount()[pri:3, instance:com.cps.qa.testCases.AccountPage_Test@52719fb6]" started-at="2024-03-07T15:13:45Z" name="Verify_Withdraw_With_ValideAmmount" finished-at="2024-03-07T15:14:00Z" duration-ms="15345" status="PASS">
          <reporter-output>
          </reporter-output>
        </test-method> <!-- Verify_Withdraw_With_ValideAmmount -->
        <test-method is-config="true" signature="tearDown()[pri:0, instance:com.cps.qa.testCases.AccountPage_Test@52719fb6]" started-at="2024-03-07T15:14:00Z" name="tearDown" finished-at="2024-03-07T15:14:00Z" duration-ms="390" status="PASS">
          <reporter-output>
          </reporter-output>
        </test-method> <!-- tearDown -->
        <test-method is-config="true" signature="setUp()[pri:0, instance:com.cps.qa.testCases.AccountPage_Test@52719fb6]" started-at="2024-03-07T15:14:00Z" name="setUp" finished-at="2024-03-07T15:14:06Z" duration-ms="5095" status="PASS">
          <reporter-output>
          </reporter-output>
        </test-method> <!-- setUp -->
        <test-method signature="Verify_Withdraw_With_InValideAmmount()[pri:4, instance:com.cps.qa.testCases.AccountPage_Test@52719fb6]" started-at="2024-03-07T15:14:06Z" name="Verify_Withdraw_With_InValideAmmount" finished-at="2024-03-07T15:14:18Z" duration-ms="12779" status="PASS">
          <reporter-output>
          </reporter-output>
        </test-method> <!-- Verify_Withdraw_With_InValideAmmount -->
        <test-method is-config="true" signature="tearDown()[pri:0, instance:com.cps.qa.testCases.AccountPage_Test@52719fb6]" started-at="2024-03-07T15:14:18Z" name="tearDown" finished-at="2024-03-07T15:14:19Z" duration-ms="448" status="PASS">
          <reporter-output>
          </reporter-output>
        </test-method> <!-- tearDown -->
        <test-method is-config="true" signature="setUp()[pri:0, instance:com.cps.qa.testCases.AccountPage_Test@52719fb6]" started-at="2024-03-07T15:14:19Z" name="setUp" finished-at="2024-03-07T15:14:24Z" duration-ms="5032" status="PASS">
          <reporter-output>
          </reporter-output>
        </test-method> <!-- setUp -->
        <test-method signature="Verify_Withdraw_With_InSufficient()[pri:5, instance:com.cps.qa.testCases.AccountPage_Test@52719fb6]" started-at="2024-03-07T15:14:24Z" name="Verify_Withdraw_With_InSufficient" finished-at="2024-03-07T15:14:39Z" duration-ms="15309" status="PASS">
          <reporter-output>
          </reporter-output>
        </test-method> <!-- Verify_Withdraw_With_InSufficient -->
        <test-method is-config="true" signature="tearDown()[pri:0, instance:com.cps.qa.testCases.AccountPage_Test@52719fb6]" started-at="2024-03-07T15:14:39Z" name="tearDown" finished-at="2024-03-07T15:14:40Z" duration-ms="376" status="PASS">
          <reporter-output>
          </reporter-output>
        </test-method> <!-- tearDown -->
      </class> <!-- com.cps.qa.testCases.AccountPage_Test -->
    </test> <!-- Test -->
  </suite> <!-- Suite -->
</testng-results>
