-------------------------------------------------------------------------------
Test set: TestSuite
-------------------------------------------------------------------------------
Tests run: 11, Failures: 1, Errors: 0, Skipped: 0, Time elapsed: 132.206 s <<< FAILURE! - in TestSuite
Verify_Deposit_With_InValideAmmount(com.cps.qa.testCases.AccountPage_Test)  Time elapsed: 2.526 s  <<< FAILURE!
java.lang.AssertionError: expected [true] but found [false]
	at com.cps.qa.testCases.AccountPage_Test.Verify_Deposit_With_InValideAmmount(AccountPage_Test.java:49)

