<?xml version="1.0" encoding="UTF-8"?>
<testsuite xmlns:xsi="http://www.w3.org/2001/XMLSchema-instance" xsi:noNamespaceSchemaLocation="https://maven.apache.org/surefire/maven-surefire-plugin/xsd/surefire-test-report.xsd" name="TestSuite" time="130.166" tests="11" errors="0" skipped="0" failures="0">
  <properties>
[...]
</properties>
  <testcase name="Verify_Deposit_With_ValideAmmount" classname="com.cps.qa.testCases.CustomerTransactionPage_Test" time="2.71"/>
  <testcase name="customerlogin" classname="com.cps.qa.testCases.CustomerLogin_Test" time="2.909"/>
  <testcase name="DeleteCustomerEntry" classname="com.cps.qa.testCases.CustomersPage_Test" time="1.333"/>
  <testcase name="AddCustomer_NotExist" classname="com.cps.qa.testCases.AddCustomerPage_Test" time="2.073"/>
  <testcase name="OpenAccount" classname="com.cps.qa.testCases.OpenAccountPage_Test" time="12.934"/>
  <testcase name="Verify_Deposit_With_ValideAmmount" classname="com.cps.qa.testCases.AccountPage_Test" time="3.648"/>
  <testcase name="AddCustomer_Exist" classname="com.cps.qa.testCases.AddCustomerPage_Test" time="3.911"/>
  <testcase name="Verify_Deposit_With_InValideAmmount" classname="com.cps.qa.testCases.AccountPage_Test" time="3.442"/>
  <testcase name="Verify_Withdraw_With_ValideAmmount" classname="com.cps.qa.testCases.AccountPage_Test" time="14.194"/>
  <testcase name="Verify_Withdraw_With_InValideAmmount" classname="com.cps.qa.testCases.AccountPage_Test" time="12.289"/>
  <testcase name="Verify_Withdraw_With_InSufficient" classname="com.cps.qa.testCases.AccountPage_Test" time="15.002"/>
</testsuite>