<?xml version="1.0" encoding="UTF-8"?>
<testsuite xmlns:xsi="http://www.w3.org/2001/XMLSchema-instance" xsi:noNamespaceSchemaLocation="https://maven.apache.org/surefire/maven-surefire-plugin/xsd/surefire-test-report.xsd" name="TestSuite" time="132.206" tests="11" errors="0" skipped="0" failures="1">
  <properties>
[...]
</properties>
  <testcase name="Verify_Deposit_With_ValideAmmount" classname="com.cps.qa.testCases.CustomerTransactionPage_Test" time="2.902"/>
  <testcase name="customerlogin" classname="com.cps.qa.testCases.CustomerLogin_Test" time="2.518"/>
  <testcase name="DeleteCustomerEntry" classname="com.cps.qa.testCases.CustomersPage_Test" time="1.255"/>
  <testcase name="AddCustomer_NotExist" classname="com.cps.qa.testCases.AddCustomerPage_Test" time="2.193"/>
  <testcase name="OpenAccount" classname="com.cps.qa.testCases.OpenAccountPage_Test" time="12.945"/>
  <testcase name="Verify_Deposit_With_ValideAmmount" classname="com.cps.qa.testCases.AccountPage_Test" time="4.303"/>
  <testcase name="AddCustomer_Exist" classname="com.cps.qa.testCases.AddCustomerPage_Test" time="4.053"/>
  <testcase name="Verify_Deposit_With_InValideAmmount" classname="com.cps.qa.testCases.AccountPage_Test" time="2.526">
    <failure message="expected [true] but found [false]" type="java.lang.AssertionError">java.lang.AssertionError: expected [true] but found [false]
	at com.cps.qa.testCases.AccountPage_Test.Verify_Deposit_With_InValideAmmount(AccountPage_Test.java:49)
</failure>
    <system-out><![CDATA[Before navigating to: 'https://www.globalsqa.com/angularJs-protractor/BankingProject/#/login'
Navigated to:'https://www.globalsqa.com/angularJs-protractor/BankingProject/#/login'
Trying to find Element By : By.xpath: //button[normalize-space()='Customer Login']
Found Element By : By.xpath: //button[normalize-space()='Customer Login']
Trying to click on: [[ChromeDriver: chrome on WINDOWS (bb713dbe9ab853a3d22a877d902e69f1)] -> xpath: //button[normalize-space()='Customer Login']]
Clicked on: [[ChromeDriver: chrome on WINDOWS (bb713dbe9ab853a3d22a877d902e69f1)] -> xpath: //button[normalize-space()='Customer Login']]
Trying to find Element By : By.xpath: //select[@id='userSelect']
Found Element By : By.xpath: //select[@id='userSelect']
Trying to find Element By : By.xpath: .//option[normalize-space(.) = "Hermoine Granger"]
Found Element By : By.xpath: .//option[normalize-space(.) = "Hermoine Granger"]
Trying to click on: [[[[ChromeDriver: chrome on WINDOWS (bb713dbe9ab853a3d22a877d902e69f1)] -> xpath: //select[@id='userSelect']]] -> xpath: .//option[normalize-space(.) = "Hermoine Granger"]]
Clicked on: [[[[ChromeDriver: chrome on WINDOWS (bb713dbe9ab853a3d22a877d902e69f1)] -> xpath: //select[@id='userSelect']]] -> xpath: .//option[normalize-space(.) = "Hermoine Granger"]]
Trying to find Element By : By.xpath: //button[@type='submit']
Found Element By : By.xpath: //button[@type='submit']
Trying to click on: [[ChromeDriver: chrome on WINDOWS (bb713dbe9ab853a3d22a877d902e69f1)] -> xpath: //button[@type='submit']]
Clicked on: [[ChromeDriver: chrome on WINDOWS (bb713dbe9ab853a3d22a877d902e69f1)] -> xpath: //button[@type='submit']]
Trying to find Element By : By.xpath: //select[@id='accountSelect']
Found Element By : By.xpath: //select[@id='accountSelect']
Trying to find Element By : By.xpath: //select[@id='accountSelect']
Found Element By : By.xpath: //select[@id='accountSelect']
Trying to find Element By : By.xpath: //select[@id='accountSelect']
Found Element By : By.xpath: //select[@id='accountSelect']
Trying to find Element By : By.tagName: option
Found Element By : By.tagName: option
Trying to find Element By : By.xpath: //select[@id='accountSelect']
Found Element By : By.xpath: //select[@id='accountSelect']
Trying to find Element By : By.xpath: //select[@id='accountSelect']
Found Element By : By.xpath: //select[@id='accountSelect']
Trying to find Element By : By.xpath: //select[@id='accountSelect']
Found Element By : By.xpath: //select[@id='accountSelect']
Trying to find Element By : By.tagName: option
Found Element By : By.tagName: option
Trying to find Element By : By.xpath: /html/body/div/div/div[2]/div/div[2]/strong[2]
Found Element By : By.xpath: /html/body/div/div/div[2]/div/div[2]/strong[2]
Trying to find Element By : By.xpath: //button[@ng-click='deposit()']
Found Element By : By.xpath: //button[@ng-click='deposit()']
Trying to click on: [[ChromeDriver: chrome on WINDOWS (bb713dbe9ab853a3d22a877d902e69f1)] -> xpath: //button[@ng-click='deposit()']]
Clicked on: [[ChromeDriver: chrome on WINDOWS (bb713dbe9ab853a3d22a877d902e69f1)] -> xpath: //button[@ng-click='deposit()']]
Trying to find Element By : By.xpath: //input[@placeholder='amount']
Found Element By : By.xpath: //input[@placeholder='amount']
Trying to find Element By : By.xpath: //input[@placeholder='amount']
Found Element By : By.xpath: //input[@placeholder='amount']
Trying to find Element By : By.xpath: //button[@type='submit']
Found Element By : By.xpath: //button[@type='submit']
Trying to click on: [[ChromeDriver: chrome on WINDOWS (bb713dbe9ab853a3d22a877d902e69f1)] -> xpath: //button[@type='submit']]
Clicked on: [[ChromeDriver: chrome on WINDOWS (bb713dbe9ab853a3d22a877d902e69f1)] -> xpath: //button[@type='submit']]
Trying to find Element By : By.xpath: /html/body/div/div/div[2]/div/div[2]/strong[2]
Found Element By : By.xpath: /html/body/div/div/div[2]/div/div[2]/strong[2]
Trying to find Element By : By.xpath: /html/body/div/div/div[2]/div/div[4]//span
Found Element By : By.xpath: /html/body/div/div/div[2]/div/div[4]//span
]]></system-out>
    <system-err><![CDATA[Starting ChromeDriver 122.0.6261.57 (87957e464700ccf3468df47ce741e0dc089e0544-refs/branch-heads/6261@{#853}) on port 22598
Only local connections are allowed.
Please see https://chromedriver.chromium.org/security-considerations for suggestions on keeping ChromeDriver safe.
ChromeDriver was started successfully.
Mar 08, 2024 11:48:29 AM org.openqa.selenium.remote.ProtocolHandshake createSession
INFO: Detected dialect: W3C
]]></system-err>
  </testcase>
  <testcase name="Verify_Withdraw_With_ValideAmmount" classname="com.cps.qa.testCases.AccountPage_Test" time="15.645"/>
  <testcase name="Verify_Withdraw_With_InValideAmmount" classname="com.cps.qa.testCases.AccountPage_Test" time="12.951"/>
  <testcase name="Verify_Withdraw_With_InSufficient" classname="com.cps.qa.testCases.AccountPage_Test" time="15.872"/>
</testsuite>