<?xml version="1.0" encoding="UTF-8"?>
<testng-results ignored="0" total="2" passed="2" failed="0" skipped="0">
  <reporter-output>
  </reporter-output>
  <suite started-at="2024-03-06T10:55:59Z" name="Suite" finished-at="2024-03-06T10:56:07Z" duration-ms="8526">
    <groups>
    </groups>
    <test started-at="2024-03-06T10:55:59Z" name="Test" finished-at="2024-03-06T10:56:07Z" duration-ms="8526">
      <class name="com.cps.qa.testCases.CustomerLogin_Test">
        <test-method is-config="true" signature="setUp()[pri:0, instance:com.cps.qa.testCases.CustomerLogin_Test@1033576a]" started-at="2024-03-06T16:25:59Z" name="setUp" finished-at="2024-03-06T16:26:02Z" duration-ms="3508" status="PASS">
          <reporter-output>
          </reporter-output>
        </test-method> <!-- setUp -->
        <test-method signature="loginPageTitleTest()[pri:1, instance:com.cps.qa.testCases.CustomerLogin_Test@1033576a]" started-at="2024-03-06T16:26:02Z" name="loginPageTitleTest" finished-at="2024-03-06T16:26:02Z" duration-ms="13" status="PASS">
          <reporter-output>
          </reporter-output>
        </test-method> <!-- loginPageTitleTest -->
        <test-method is-config="true" signature="tearDown()[pri:0, instance:com.cps.qa.testCases.CustomerLogin_Test@1033576a]" started-at="2024-03-06T16:26:02Z" name="tearDown" finished-at="2024-03-06T16:26:03Z" duration-ms="330" status="PASS">
          <reporter-output>
          </reporter-output>
        </test-method> <!-- tearDown -->
        <test-method is-config="true" signature="setUp()[pri:0, instance:com.cps.qa.testCases.CustomerLogin_Test@1033576a]" started-at="2024-03-06T16:26:03Z" name="setUp" finished-at="2024-03-06T16:26:05Z" duration-ms="2198" status="PASS">
          <reporter-output>
          </reporter-output>
        </test-method> <!-- setUp -->
        <test-method signature="customerlogin()[pri:2, instance:com.cps.qa.testCases.CustomerLogin_Test@1033576a]" started-at="2024-03-06T16:26:05Z" name="customerlogin" finished-at="2024-03-06T16:26:07Z" duration-ms="2237" status="PASS">
          <reporter-output>
          </reporter-output>
        </test-method> <!-- customerlogin -->
        <test-method is-config="true" signature="tearDown()[pri:0, instance:com.cps.qa.testCases.CustomerLogin_Test@1033576a]" started-at="2024-03-06T16:26:07Z" name="tearDown" finished-at="2024-03-06T16:26:07Z" duration-ms="212" status="PASS">
          <reporter-output>
          </reporter-output>
        </test-method> <!-- tearDown -->
      </class> <!-- com.cps.qa.testCases.CustomerLogin_Test -->
    </test> <!-- Test -->
  </suite> <!-- Suite -->
</testng-results>
