<?xml version="1.0" encoding="UTF-8"?>
<testng-results ignored="0" total="5" passed="5" failed="0" skipped="0">
  <reporter-output>
  </reporter-output>
  <suite started-at="2024-03-07T09:39:47Z" name="Default suite" finished-at="2024-03-07T09:41:02Z" duration-ms="75624">
    <groups>
    </groups>
    <test started-at="2024-03-07T09:39:47Z" name="Default test" finished-at="2024-03-07T09:41:02Z" duration-ms="75624">
      <class name="com.cps.qa.testCases.AccountPage_Test">
        <test-method is-config="true" signature="setUp()[pri:0, instance:com.cps.qa.testCases.AccountPage_Test@2b40ff9c]" started-at="2024-03-07T15:09:47Z" name="setUp" finished-at="2024-03-07T15:09:53Z" duration-ms="5667" status="PASS">
          <reporter-output>
          </reporter-output>
        </test-method> <!-- setUp -->
        <test-method signature="Verify_Deposit_With_ValideAmmount()[pri:1, instance:com.cps.qa.testCases.AccountPage_Test@2b40ff9c]" started-at="2024-03-07T15:09:53Z" name="Verify_Deposit_With_ValideAmmount" finished-at="2024-03-07T15:09:56Z" duration-ms="3247" status="PASS">
          <reporter-output>
          </reporter-output>
        </test-method> <!-- Verify_Deposit_With_ValideAmmount -->
        <test-method is-config="true" signature="tearDown()[pri:0, instance:com.cps.qa.testCases.AccountPage_Test@2b40ff9c]" started-at="2024-03-07T15:09:56Z" name="tearDown" finished-at="2024-03-07T15:09:56Z" duration-ms="400" status="PASS">
          <reporter-output>
          </reporter-output>
        </test-method> <!-- tearDown -->
        <test-method is-config="true" signature="setUp()[pri:0, instance:com.cps.qa.testCases.AccountPage_Test@2b40ff9c]" started-at="2024-03-07T15:09:56Z" name="setUp" finished-at="2024-03-07T15:10:01Z" duration-ms="4534" status="PASS">
          <reporter-output>
          </reporter-output>
        </test-method> <!-- setUp -->
        <test-method signature="Verify_Deposit_With_InValideAmmount()[pri:2, instance:com.cps.qa.testCases.AccountPage_Test@2b40ff9c]" started-at="2024-03-07T15:10:01Z" name="Verify_Deposit_With_InValideAmmount" finished-at="2024-03-07T15:10:04Z" duration-ms="3660" status="PASS">
          <reporter-output>
          </reporter-output>
        </test-method> <!-- Verify_Deposit_With_InValideAmmount -->
        <test-method is-config="true" signature="tearDown()[pri:0, instance:com.cps.qa.testCases.AccountPage_Test@2b40ff9c]" started-at="2024-03-07T15:10:04Z" name="tearDown" finished-at="2024-03-07T15:10:05Z" duration-ms="350" status="PASS">
          <reporter-output>
          </reporter-output>
        </test-method> <!-- tearDown -->
        <test-method is-config="true" signature="setUp()[pri:0, instance:com.cps.qa.testCases.AccountPage_Test@2b40ff9c]" started-at="2024-03-07T15:10:05Z" name="setUp" finished-at="2024-03-07T15:10:09Z" duration-ms="4585" status="PASS">
          <reporter-output>
          </reporter-output>
        </test-method> <!-- setUp -->
        <test-method signature="Verify_Withdraw_With_ValideAmmount()[pri:3, instance:com.cps.qa.testCases.AccountPage_Test@2b40ff9c]" started-at="2024-03-07T15:10:09Z" name="Verify_Withdraw_With_ValideAmmount" finished-at="2024-03-07T15:10:24Z" duration-ms="14442" status="PASS">
          <reporter-output>
          </reporter-output>
        </test-method> <!-- Verify_Withdraw_With_ValideAmmount -->
        <test-method is-config="true" signature="tearDown()[pri:0, instance:com.cps.qa.testCases.AccountPage_Test@2b40ff9c]" started-at="2024-03-07T15:10:24Z" name="tearDown" finished-at="2024-03-07T15:10:24Z" duration-ms="346" status="PASS">
          <reporter-output>
          </reporter-output>
        </test-method> <!-- tearDown -->
        <test-method is-config="true" signature="setUp()[pri:0, instance:com.cps.qa.testCases.AccountPage_Test@2b40ff9c]" started-at="2024-03-07T15:10:24Z" name="setUp" finished-at="2024-03-07T15:10:29Z" duration-ms="4483" status="PASS">
          <reporter-output>
          </reporter-output>
        </test-method> <!-- setUp -->
        <test-method signature="Verify_Withdraw_With_InValideAmmount()[pri:4, instance:com.cps.qa.testCases.AccountPage_Test@2b40ff9c]" started-at="2024-03-07T15:10:29Z" name="Verify_Withdraw_With_InValideAmmount" finished-at="2024-03-07T15:10:41Z" duration-ms="12666" status="PASS">
          <reporter-output>
          </reporter-output>
        </test-method> <!-- Verify_Withdraw_With_InValideAmmount -->
        <test-method is-config="true" signature="tearDown()[pri:0, instance:com.cps.qa.testCases.AccountPage_Test@2b40ff9c]" started-at="2024-03-07T15:10:41Z" name="tearDown" finished-at="2024-03-07T15:10:42Z" duration-ms="317" status="PASS">
          <reporter-output>
          </reporter-output>
        </test-method> <!-- tearDown -->
        <test-method is-config="true" signature="setUp()[pri:0, instance:com.cps.qa.testCases.AccountPage_Test@2b40ff9c]" started-at="2024-03-07T15:10:42Z" name="setUp" finished-at="2024-03-07T15:10:47Z" duration-ms="5207" status="PASS">
          <reporter-output>
          </reporter-output>
        </test-method> <!-- setUp -->
        <test-method signature="Verify_Withdraw_With_InSufficient()[pri:5, instance:com.cps.qa.testCases.AccountPage_Test@2b40ff9c]" started-at="2024-03-07T15:10:47Z" name="Verify_Withdraw_With_InSufficient" finished-at="2024-03-07T15:11:02Z" duration-ms="15288" status="PASS">
          <reporter-output>
          </reporter-output>
        </test-method> <!-- Verify_Withdraw_With_InSufficient -->
        <test-method is-config="true" signature="tearDown()[pri:0, instance:com.cps.qa.testCases.AccountPage_Test@2b40ff9c]" started-at="2024-03-07T15:11:02Z" name="tearDown" finished-at="2024-03-07T15:11:02Z" duration-ms="390" status="PASS">
          <reporter-output>
          </reporter-output>
        </test-method> <!-- tearDown -->
      </class> <!-- com.cps.qa.testCases.AccountPage_Test -->
    </test> <!-- Default test -->
  </suite> <!-- Default suite -->
</testng-results>
